<?xml version="1.0" encoding="UTF-8"?>
<testsuite name="AnimalTest" tests="1" skipped="0" failures="0" errors="0" timestamp="2022-12-05T22:12:37" hostname="MARCIN-KOMP" time="0.027">
  <properties/>
  <testcase name="animalTest()" classname="AnimalTest" time="0.027"/>
  <system-out><![CDATA[0
0
6
5
6
0
7
2
1
3
1
4
2
6
2
5
(2,2) Polnoc 0 0 6 5 6 0 7 2 
(2,2) Polnoc 1 3 1 4 2 6 2 5 
(2,3) Polnoc 0 0 6 5 6 0 7 2 
(3,3) Polnocny Wschod 1 3 1 4 2 6 2 5 
(2,3) Polnoc 0 3 2 4 1 7 3 4 
]]></system-out>
  <system-err><![CDATA[]]></system-err>
</testsuite>
